---- Reopened serial port COM17 ----

START START START START START START START START!!!
blockprint_mutex: 0x3fcb6b1c
[MSG_DBG] ALLOC msg=0x3fcbaf48 (zeroed)
[MSG_DBG] ALLOC msg=0x3fcbd958 (zeroed)
I (1960) CUBE_INIT: MAC Address: 3C:DC:75:62:9D:9C
I (1960) SERVO_API: move_servo_speed called with rad=0.00, speed=1.00, acc=100.00, jerk=1500.00
I (1960) SERVO_API: Posizione impostata: 0.10 rad

================[SEND UART]================
SONO: 0, HO INVIATO INVIO A: SLAVE, IL SEGUENTE MESSAGGIO:
PRINTING STRUCT MESSAGE:
HEAP PT: 0x3fcc6ce8
Sender: 0
Target: -1
Type: HANDSHAKE
Header: 170
Footer: 3405691582
Payload (HANDSHAKE)
Handshake Type: MtS
__PRINTING STRUCT MESSAGE.
Tutti i byte inviati correttamente
================[__SEND UART]================

I (1980) SERVO_API: Posizione impostata: 0.10 rad
I (2000) SERVO_API: Posizione impostata: 0.10 rad

================[RECEIVE UART]================
ID: 0 | RICEVUTO DA: SLAVE | DESTINAZIONE: ME
PRINTING STRUCT MESSAGE:
HEAP PT: 0x3fcbd958
Sender: 1
Target: -1
Type: HANDSHAKE
Header: 170
Footer: 3405691582
Payload (HANDSHAKE)
Handshake Type: MtS_ack
__PRINTING STRUCT MESSAGE.
[MSG_DBG] sort_new_msg enqueue msg=0x3fcbd958 type=2 sender=1 target=-1
DOVREI SVEGLIARMI
MI SONO SVEGLIATO
================[__RECEIVE UART]================

>>> SLAVE CHANGED FROM -1 TO 1
[MSG_DBG] ALLOC msg=0x3fcbd958 (zeroed)
RECEIVED NEW REPORT:
 {MASTER: -1, SELF: 0, SLAVE: 1}
PRINTING: IDS_ARRAY
0 
___RECEIVED NEW REPORT:
I (2000) ProtocolManager: -> Computer: SERVOS 1
I (2000) ProtocolManager: Periferiche collegate: 1

================[RECEIVE UART]================
ID: 0 | RICEVUTO DA: SLAVE | DESTINAZIONE: ME
PRINTING STRUCT MESSAGE:
HEAP PT: 0x3fcbd958
Sender: 1
Target: 0
Type: REPORT
Header: 170
Footer: 3405691582
Payload (REPORT)
my_slave_id: 2
my_id: 1
my_master_id: 0
__PRINTING STRUCT MESSAGE.
[MSG_DBG] sort_new_msg enqueue msg=0x3fcbd958 type=3 sender=1 target=0
================[__RECEIVE UART]================

RECEIVED NEW REPORT:[MSG_DBG] ALLOC msg=0x3fcc6ce8 (zeroed)

 {MASTER: 0, SELF: 1, SLAVE: 2}
PRINTING: IDS_ARRAY
0 1 
___RECEIVED NEW REPORT:
I (2010) ProtocolManager: -> Computer: SERVOS 2
I (2010) ProtocolManager: Periferiche collegate: 2
I (2020) SERVO_API: Posizione impostata: 0.09 rad

================[RECEIVE UART]================
ID: 0 | RICEVUTO DA: SLAVE | DESTINAZIONE: ME
PRINTING STRUCT MESSAGE:
HEAP PT: 0x3fcc6ce8
Sender: 1
Target: 0
Type: REPORT
Header: 170
Footer: 3405691582
Payload (REPORT)
my_slave_id: 2
my_id: 1
my_master_id: -1
__PRINTING STRUCT MESSAGE.
[MSG_DBG] sort_new_msg enqueue msg=0x3fcc6ce8 type=3 sender=1 target=0
================[__RECEIVE UART]================

RECEIVED NEW REPORT:[MSG_DBG] ALLOC msg=0x3fcbd958 (zeroed)

 {MASTER: -1, SELF: 1, SLAVE: 2}
PRINTING: IDS_ARRAY
0 
___RECEIVED NEW REPORT:
I (2030) ProtocolManager: -> Computer: SERVOS 1
I (2030) ProtocolManager: Periferiche collegate: 1
I (2040) SERVO_API: Posizione impostata: 0.07 rad

================[RECEIVE UART]================
ID: 0 | RICEVUTO DA: SLAVE | DESTINAZIONE: ME
PRINTING STRUCT MESSAGE:
HEAP PT: 0x3fcbd958
Sender: 2
Target: 0
Type: REPORT
Header: 170
Footer: 3405691582
Payload (REPORT)
my_slave_id: -1
my_id: 2
my_master_id: 1
__PRINTING STRUCT MESSAGE.
[MSG_DBG] sort_new_msg enqueue msg=0x3fcbd958 type=3 sender=2 target=0
================[__RECEIVE UART]================

RECEIVED NEW REPORT:[MSG_DBG] ALLOC msg=0x3fcc6ce8 (zeroed)

 {MASTER: 1, SELF: 2, SLAVE: -1}
PRINTING: IDS_ARRAY
0 
___RECEIVED NEW REPORT:
I (2040) ProtocolManager: -> Computer: SERVOS 1
I (2040) ProtocolManager: Periferiche collegate: 1

================[RECEIVE UART]================
ID: 0 | RICEVUTO DA: SLAVE | DESTINAZIONE: ME
PRINTING STRUCT MESSAGE:
HEAP PT: 0x3fcc6ce8
Sender: 1
Target: -1
Type: SERVO_ACK
Header: 170
Footer: 3405691582
Payload (SERVO)
servo radians: 0.000000
__PRINTING STRUCT MESSAGE.
[MSG_DBG] sort_new_msg enqueue msg=0x3fcc6ce8 type=5 sender=1 target=-1
else if(msg->type == type_servo_ack){ !!! !!! !!!
================[__RECEIVE UART]================

[MSG_DBG] ALLOC msg=0x3fcca9f0 (zeroed)
I (2060) SERVO_API: Posizione impostata: 0.05 rad
I (2080) SERVO_API: Posizione impostata: 0.03 rad
I (2100) SERVO_API: Posizione impostata: 0.01 rad
I (2120) SERVO_API: Posizione impostata: 0.00 rad
I (2960) main_task: Returned from app_main()

================[SEND UART]================
SONO: 0, HO INVIATO INVIO A: SLAVE, IL SEGUENTE MESSAGGIO:
PRINTING STRUCT MESSAGE:
HEAP PT: 0x3fcca6e4
Sender: 0
Target: -1
Type: HANDSHAKE
Header: 170
Footer: 3405691582
Payload (HANDSHAKE)
Handshake Type: MtS
__PRINTING STRUCT MESSAGE.
Tutti i byte inviati correttamente
================[__SEND UART]================


================[RECEIVE UART]================
ID: 0 | RICEVUTO DA: SLAVE | DESTINAZIONE: ME
PRINTING STRUCT MESSAGE:
HEAP PT: 0x3fcca9f0
Sender: 1
Target: -1
Type: HANDSHAKE
Header: 170
Footer: 3405691582
Payload (HANDSHAKE)
Handshake Type: MtS_ack
__PRINTING STRUCT MESSAGE.
[MSG_DBG] sort_new_msg enqueue msg=0x3fcca9f0 type=2 sender=1 target=-1
DOVREI SVEGLIARMI
MI SONO SVEGLIATO
================[__RECEIVE UART]================

[MSG_DBG] ALLOC msg=0x3fcca9f0 (zeroed)

================[RECEIVE UART]================
ID: 0 | RICEVUTO DA: SLAVE | DESTINAZIONE: ME
PRINTING STRUCT MESSAGE:
HEAP PT: 0x3fcca9f0
Sender: 1
Target: -1
Type: HANDSHAKE
Header: 170
Footer: 3405691582
Payload (HANDSHAKE)
Handshake Type: StM
__PRINTING STRUCT MESSAGE.
[MSG_DBG] sort_new_msg enqueue msg=0x3fcca9f0 type=2 sender=1 target=-1
================[__RECEIVE UART]================

[MSG_DBG] ALLOC msg=0x3fcca9f0 (zeroed)

================[SEND UART]================
SONO: 0, HO INVIATO INVIO A: SLAVE, IL SEGUENTE MESSAGGIO:
PRINTING STRUCT MESSAGE:
HEAP PT: 0x3fcca6e4
Sender: 0
Target: -1
Type: HANDSHAKE
Header: 170
Footer: 3405691582
Payload (HANDSHAKE)
Handshake Type: StM_ack
__PRINTING STRUCT MESSAGE.
Tutti i byte inviati correttamente
================[__SEND UART]================


================[SEND UART]================
SONO: 0, HO INVIATO INVIO A: SLAVE, IL SEGUENTE MESSAGGIO:
PRINTING STRUCT MESSAGE:
HEAP PT: 0x3fcca6e4
Sender: 0
Target: -1
Type: HANDSHAKE
Header: 170
Footer: 3405691582
Payload (HANDSHAKE)
Handshake Type: MtS
__PRINTING STRUCT MESSAGE.
Tutti i byte inviati correttamente
================[__SEND UART]================


================[RECEIVE UART]================
ID: 0 | RICEVUTO DA: SLAVE | DESTINAZIONE: ME
PRINTING STRUCT MESSAGE:
HEAP PT: 0x3fcca9f0
Sender: 1
Target: -1
Type: HANDSHAKE
Header: 170
Footer: 3405691582
Payload (HANDSHAKE)
Handshake Type: MtS_ack
__PRINTING STRUCT MESSAGE.
[MSG_DBG] sort_new_msg enqueue msg=0x3fcca9f0 type=2 sender=1 target=-1
DOVREI SVEGLIARMI
MI SONO SVEGLIATO
================[__RECEIVE UART]================

[MSG_DBG] ALLOC msg=0x3fcca9f0 (zeroed)

================[RECEIVE UART]================
ID: 0 | RICEVUTO DA: SLAVE | DESTINAZIONE: ME
PRINTING STRUCT MESSAGE:
HEAP PT: 0x3fcca9f0
Sender: 1
Target: -1
Type: HANDSHAKE
Header: 170
Footer: 3405691582
Payload (HANDSHAKE)
Handshake Type: StM
__PRINTING STRUCT MESSAGE.
[MSG_DBG] sort_new_msg enqueue msg=0x3fcca9f0 type=2 sender=1 target=-1
================[__RECEIVE UART]================

[MSG_DBG] ALLOC msg=0x3fcca9f0 (zeroed)

================[SEND UART]================
SONO: 0, HO INVIATO INVIO A: SLAVE, IL SEGUENTE MESSAGGIO:
PRINTING STRUCT MESSAGE:
HEAP PT: 0x3fcca6e4
Sender: 0
Target: -1
Type: HANDSHAKE
Header: 170
Footer: 3405691582
Payload (HANDSHAKE)
Handshake Type: StM_ack
__PRINTING STRUCT MESSAGE.
Tutti i byte inviati correttamente
================[__SEND UART]================


================[SEND UART]================
SONO: 0, HO INVIATO INVIO A: SLAVE, IL SEGUENTE MESSAGGIO:
PRINTING STRUCT MESSAGE:
HEAP PT: 0x3fcca6e4
Sender: 0
Target: -1
Type: HANDSHAKE
Header: 170
Footer: 3405691582
Payload (HANDSHAKE)
Handshake Type: MtS
__PRINTING STRUCT MESSAGE.
Tutti i byte inviati correttamente
================[__SEND UART]================


================[RECEIVE UART]================
ID: 0 | RICEVUTO DA: SLAVE | DESTINAZIONE: ME
PRINTING STRUCT MESSAGE:
HEAP PT: 0x3fcca9f0
Sender: 1
Target: -1
Type: HANDSHAKE
Header: 170
Footer: 3405691582
Payload (HANDSHAKE)
Handshake Type: MtS_ack
__PRINTING STRUCT MESSAGE.
[MSG_DBG] sort_new_msg enqueue msg=0x3fcca9f0 type=2 sender=1 target=-1
DOVREI SVEGLIARMI
MI SONO SVEGLIATO
================[__RECEIVE UART]================

[MSG_DBG] ALLOC msg=0x3fcca9f0 (zeroed)

================[RECEIVE UART]================
ID: 0 | RICEVUTO DA: SLAVE | DESTINAZIONE: ME
PRINTING STRUCT MESSAGE:
HEAP PT: 0x3fcca9f0
Sender: 1
Target: -1
Type: HANDSHAKE
Header: 170
Footer: 3405691582
Payload (HANDSHAKE)
Handshake Type: StM
__PRINTING STRUCT MESSAGE.
[MSG_DBG] sort_new_msg enqueue msg=0x3fcca9f0 type=2 sender=1 target=-1
================[__RECEIVE UART]================

[MSG_DBG] ALLOC msg=0x3fcca9f0 (zeroed)

================[SEND UART]================
SONO: 0, HO INVIATO INVIO A: SLAVE, IL SEGUENTE MESSAGGIO:
PRINTING STRUCT MESSAGE:
HEAP PT: 0x3fcca6e4
Sender: 0
Target: -1
Type: HANDSHAKE
Header: 170
Footer: 3405691582
Payload (HANDSHAKE)
Handshake Type: StM_ack
__PRINTING STRUCT MESSAGE.
Tutti i byte inviati correttamente
================[__SEND UART]================


================[SEND UART]================
SONO: 0, HO INVIATO INVIO A: SLAVE, IL SEGUENTE MESSAGGIO:
PRINTING STRUCT MESSAGE:
HEAP PT: 0x3fcca6e4
Sender: 0
Target: -1
Type: HANDSHAKE
Header: 170
Footer: 3405691582
Payload (HANDSHAKE)
Handshake Type: MtS
__PRINTING STRUCT MESSAGE.
Tutti i byte inviati correttamente
================[__SEND UART]================


================[RECEIVE UART]================
ID: 0 | RICEVUTO DA: SLAVE | DESTINAZIONE: ME
PRINTING STRUCT MESSAGE:
HEAP PT: 0x3fcca9f0
Sender: 1
Target: -1
Type: HANDSHAKE
Header: 170
Footer: 3405691582
Payload (HANDSHAKE)
Handshake Type: MtS_ack
__PRINTING STRUCT MESSAGE.
[MSG_DBG] sort_new_msg enqueue msg=0x3fcca9f0 type=2 sender=1 target=-1
DOVREI SVEGLIARMI
MI SONO SVEGLIATO
================[__RECEIVE UART]================

[MSG_DBG] ALLOC msg=0x3fcca9f0 (zeroed)

================[RECEIVE UART]================
ID: 0 | RICEVUTO DA: SLAVE | DESTINAZIONE: ME
PRINTING STRUCT MESSAGE:
HEAP PT: 0x3fcca9f0
Sender: 1
Target: -1
Type: HANDSHAKE
Header: 170
Footer: 3405691582
Payload (HANDSHAKE)
Handshake Type: StM
__PRINTING STRUCT MESSAGE.
[MSG_DBG] sort_new_msg enqueue msg=0x3fcca9f0 type=2 sender=1 target=-1
================[__RECEIVE UART]================

[MSG_DBG] ALLOC msg=0x3fcca9f0 (zeroed)

================[SEND UART]================
SONO: 0, HO INVIATO INVIO A: SLAVE, IL SEGUENTE MESSAGGIO:
PRINTING STRUCT MESSAGE:
HEAP PT: 0x3fcca6e4
Sender: 0
Target: -1
Type: HANDSHAKE
Header: 170
Footer: 3405691582
Payload (HANDSHAKE)
Handshake Type: StM_ack
__PRINTING STRUCT MESSAGE.
Tutti i byte inviati correttamente
================[__SEND UART]================

---- Closed serial port COM17 due to disconnection from the machine ----
