---- Reopened serial port COM8 ----

START START START START START START START START!!!
blockprint_mutex: 0x3fc97804
[MSG_DBG] ALLOC msg=0x3fc9bc64 (zeroed)
[MSG_DBG] ALLOC msg=0x3fc9e670 (zeroed)
I (1752) CUBE_INIT: MAC Address: 0C:4E:A0:65:3E:18
I (1752) SERVO_API: move_servo_speed called with rad=0.00, speed=1.00, acc=100.00, jerk=1500.00
I (1752) SERVO_API: Posizione impostata: 0.10 rad

================[SEND UART]================
SONO: 2, HO INVIATO INVIO A: SLAVE, IL SEGUENTE MESSAGGIO:
PRINTING STRUCT MESSAGE:
HEAP PT: 0x3fca79dc
Sender: 2
Target: -1
Type: HANDSHAKE
Header: 170
Footer: 3405691582
Payload (HANDSHAKE)
Handshake Type: MtS
__PRINTING STRUCT MESSAGE.
Tutti i byte inviati correttamente

================[SEND UART]================
SONO: 2, HO INVIATO INVIO A: MASTER, IL SEGUENTE MESSAGGIO:
PRINTING STRUCT MESSAGE:
HEAP PT: 0x3fca8fe8
Sender: 2
Target: -1
Type: HANDSHAKE
Header: 170
Footer: 3405691582
Payload (HANDSHAKE)
Handshake Type: StM
__PRINTING STRUCT MESSAGE.
Tutti i byte inviati correttamente
================[__SEND UART]================

================[__SEND UART]================

I (1772) SERVO_API: Posizione impostata: 0.10 rad

================[RECEIVE UART]================
ID: 2 | RICEVUTO DA: MASTER | DESTINAZIONE: ME
PRINTING STRUCT MESSAGE:
HEAP PT: 0x3fc9bc64
Sender: 1
Target: -1
Type: HANDSHAKE
Header: 170
Footer: 3405691582
Payload (HANDSHAKE)
Handshake Type: StM_ack
__PRINTING STRUCT MESSAGE.
[MSG_DBG] sort_new_msg enqueue msg=0x3fc9bc64 type=2 sender=1 target=-1
DOVREI SVEGLIARMI
MI SONO SVEGLIATO
>>> MASTER CHANGED FROM -1 TO 1
================[__RECEIVE UART]================

[MSG_DBG] ALLOC msg=0x3fca79dc (zeroed)
I (1792) SERVO_API: Posizione impostata: 0.10 rad

================[SEND UART]================
SONO: 2, HO INVIATO INVIO A: MASTER, IL SEGUENTE MESSAGGIO:
PRINTING STRUCT MESSAGE:
HEAP PT: 0x3fc9bc64
Sender: 2
Target: 0
Type: REPORT
Header: 170
Footer: 3405691582
Payload (REPORT)
my_slave_id: -1
my_id: 2
my_master_id: 1
__PRINTING STRUCT MESSAGE.
Tutti i byte inviati correttamente
================[__SEND UART]================

I (1812) SERVO_API: Posizione impostata: 0.09 rad
I (1832) SERVO_API: Posizione impostata: 0.07 rad
I (1852) SERVO_API: Posizione impostata: 0.05 rad
I (1872) SERVO_API: Posizione impostata: 0.03 rad
I (1892) SERVO_API: Posizione impostata: 0.01 rad
I (1912) SERVO_API: Posizione impostata: 0.00 rad

================[SEND UART]================
SONO: 2, HO INVIATO INVIO A: MASTER, IL SEGUENTE MESSAGGIO:
PRINTING STRUCT MESSAGE:
HEAP PT: 0x3fc9bc64
Sender: 2
Target: 1
Type: SERVO_ACK
Header: 170
Footer: 3405691582
Payload (SERVO)
servo radians: 0.000000
__PRINTING STRUCT MESSAGE.
Tutti i byte inviati correttamente
================[__SEND UART]================

I (2752) main_task: Returned from app_main()

================[SEND UART]================
SONO: 2, HO INVIATO INVIO A: MASTER, IL SEGUENTE MESSAGGIO:
PRINTING STRUCT MESSAGE:
HEAP PT: 0x3fc9bc64
Sender: 2
Target: -1
Type: HANDSHAKE
Header: 170
Footer: 3405691582
Payload (HANDSHAKE)
Handshake Type: StM
__PRINTING STRUCT MESSAGE.
Tutti i byte inviati correttamente
================[__SEND UART]================


================[RECEIVE UART]================
ID: 2 | RICEVUTO DA: MASTER | DESTINAZIONE: ME
PRINTING STRUCT MESSAGE:
HEAP PT: 0x3fca79dc
Sender: 1
Target: -1
Type: HANDSHAKE
Header: 170
Footer: 3405691582
Payload (HANDSHAKE)
Handshake Type: StM_ack
__PRINTING STRUCT MESSAGE.
[MSG_DBG] sort_new_msg enqueue msg=0x3fca79dc type=2 sender=1 target=-1
DOVREI SVEGLIARMI
MI SONO SVEGLIATO
================[__RECEIVE UART]================

[MSG_DBG] ALLOC msg=0x3fca79dc (zeroed)

================[SEND UART]================
SONO: 2, HO INVIATO INVIO A: SLAVE, IL SEGUENTE MESSAGGIO:
PRINTING STRUCT MESSAGE:
HEAP PT: 0x3fc9bc64
Sender: 2
Target: -1
Type: HANDSHAKE
Header: 170
Footer: 3405691582
Payload (HANDSHAKE)
Handshake Type: MtS
__PRINTING STRUCT MESSAGE.
Tutti i byte inviati correttamente

================[RECEIVE UART]================
ID: 2 | RICEVUTO DA: MASTER | DESTINAZIONE: ME
PRINTING STRUCT MESSAGE:
HEAP PT: 0x3fca79dc
Sender: 1
Target: -1
Type: HANDSHAKE
Header: 170
Footer: 3405691582
Payload (HANDSHAKE)
Handshake Type: MtS
__PRINTING STRUCT MESSAGE.
[MSG_DBG] sort_new_msg enqueue msg=0x3fca79dc type=2 sender=1 target=-1
================[__SEND UART]================

================[__RECEIVE UART]================

[MSG_DBG] ALLOC msg=0x3fc9bc64 (zeroed)

================[SEND UART]================
SONO: 2, HO INVIATO INVIO A: MASTER, IL SEGUENTE MESSAGGIO:
PRINTING STRUCT MESSAGE:
HEAP PT: 0x3fcac9d0
Sender: 2
Target: -1
Type: HANDSHAKE
Header: 170
Footer: 3405691582
Payload (HANDSHAKE)
Handshake Type: MtS_ack
__PRINTING STRUCT MESSAGE.
Tutti i byte inviati correttamente
================[__SEND UART]================


================[SEND UART]================
SONO: 2, HO INVIATO INVIO A: MASTER, IL SEGUENTE MESSAGGIO:
PRINTING STRUCT MESSAGE:
HEAP PT: 0x3fca79dc
Sender: 2
Target: -1
Type: HANDSHAKE
Header: 170
Footer: 3405691582
Payload (HANDSHAKE)
Handshake Type: StM
__PRINTING STRUCT MESSAGE.
Tutti i byte inviati correttamente
================[__SEND UART]================


================[RECEIVE UART]================
ID: 2 | RICEVUTO DA: MASTER | DESTINAZIONE: ME
PRINTING STRUCT MESSAGE:
HEAP PT: 0x3fc9bc64
Sender: 1
Target: -1
Type: HANDSHAKE
Header: 170
Footer: 3405691582
Payload (HANDSHAKE)
Handshake Type: StM_ack
__PRINTING STRUCT MESSAGE.
[MSG_DBG] sort_new_msg enqueue msg=0x3fc9bc64 type=2 sender=1 target=-1
DOVREI SVEGLIARMI
MI SONO SVEGLIATO
================[__RECEIVE UART]================

[MSG_DBG] ALLOC msg=0x3fc9bc64 (zeroed)

================[RECEIVE UART]================
ID: 2 | RICEVUTO DA: MASTER | DESTINAZIONE: ME
PRINTING STRUCT MESSAGE:
HEAP PT: 0x3fc9bc64
Sender: 1
Target: -1
Type: HANDSHAKE
Header: 170
Footer: 3405691582
Payload (HANDSHAKE)
Handshake Type: MtS
__PRINTING STRUCT MESSAGE.
[MSG_DBG] sort_new_msg enqueue msg=0x3fc9bc64 type=2 sender=1 target=-1
================[__RECEIVE UART]================

[MSG_DBG] ALLOC msg=0x3fc9bc64 (zeroed)

================[SEND UART]================
SONO: 2, HO INVIATO INVIO A: MASTER, IL SEGUENTE MESSAGGIO:
PRINTING STRUCT MESSAGE:
HEAP PT: 0x3fca79dc
Sender: 2
Target: -1
Type: HANDSHAKE
Header: 170
Footer: 3405691582
Payload (HANDSHAKE)
Handshake Type: MtS_ack
__PRINTING STRUCT MESSAGE.
Tutti i byte inviati correttamente
================[__SEND UART]================


================[SEND UART]================
SONO: 2, HO INVIATO INVIO A: SLAVE, IL SEGUENTE MESSAGGIO:
PRINTING STRUCT MESSAGE:
HEAP PT: 0x3fca79dc
Sender: 2
Target: -1
Type: HANDSHAKE
Header: 170
Footer: 3405691582
Payload (HANDSHAKE)
Handshake Type: MtS
__PRINTING STRUCT MESSAGE.
Tutti i byte inviati correttamente
================[__SEND UART]================


================[SEND UART]================
SONO: 2, HO INVIATO INVIO A: MASTER, IL SEGUENTE MESSAGGIO:
PRINTING STRUCT MESSAGE:
HEAP PT: 0x3fca79dc
Sender: 2
Target: -1
Type: HANDSHAKE
Header: 170
Footer: 3405691582
Payload (HANDSHAKE)
Handshake Type: StM
__PRINTING STRUCT MESSAGE.
Tutti i byte inviati correttamente
================[__SEND UART]================


================[RECEIVE UART]================
ID: 2 | RICEVUTO DA: MASTER | DESTINAZIONE: ME
PRINTING STRUCT MESSAGE:
HEAP PT: 0x3fc9bc64
Sender: 1
Target: -1
Type: HANDSHAKE
Header: 170
Footer: 3405691582
Payload (HANDSHAKE)
Handshake Type: StM_ack
__PRINTING STRUCT MESSAGE.
[MSG_DBG] sort_new_msg enqueue msg=0x3fc9bc64 type=2 sender=1 target=-1
DOVREI SVEGLIARMI
MI SONO SVEGLIATO
================[__RECEIVE UART]================

[MSG_DBG] ALLOC msg=0x3fc9bc64 (zeroed)

================[RECEIVE UART]================
ID: 2 | RICEVUTO DA: MASTER | DESTINAZIONE: ME
PRINTING STRUCT MESSAGE:
HEAP PT: 0x3fc9bc64
Sender: 1
Target: -1
Type: HANDSHAKE
Header: 170
Footer: 3405691582
Payload (HANDSHAKE)
Handshake Type: MtS
__PRINTING STRUCT MESSAGE.
[MSG_DBG] sort_new_msg enqueue msg=0x3fc9bc64 type=2 sender=1 target=-1
================[__RECEIVE UART]================

[MSG_DBG] ALLOC msg=0x3fc9bc64 (zeroed)

================[SEND UART]================
SONO: 2, HO INVIATO INVIO A: MASTER, IL SEGUENTE MESSAGGIO:
PRINTING STRUCT MESSAGE:
HEAP PT: 0x3fca79dc
Sender: 2
Target: -1
Type: HANDSHAKE
Header: 170
Footer: 3405691582
Payload (HANDSHAKE)
Handshake Type: MtS_ack
__PRINTING STRUCT MESSAGE.
Tutti i byte inviati correttamente
================[__SEND UART]================


================[SEND UART]================
SONO: 2, HO INVIATO INVIO A: SLAVE, IL SEGUENTE MESSAGGIO:
PRINTING STRUCT MESSAGE:
HEAP PT: 0x3fca79dc
Sender: 2
Target: -1
Type: HANDSHAKE
Header: 170
Footer: 3405691582
Payload (HANDSHAKE)
Handshake Type: MtS
__PRINTING STRUCT MESSAGE.
Tutti i byte inviati correttamente
================[__SEND UART]================


================[SEND UART]================
SONO: 2, HO INVIATO INVIO A: MASTER, IL SEGUENTE MESSAGGIO:
PRINTING STRUCT MESSAGE:
HEAP PT: 0x3fca79dc
Sender: 2
Target: -1
Type: HANDSHAKE
Header: 170
Footer: 3405691582
Payload (HANDSHAKE)
Handshake Type: StM
__PRINTING STRUCT MESSAGE.
Tutti i byte inviati correttamente
================[__SEND UART]================


================[RECEIVE UART]================
ID: 2 | RICEVUTO DA: MASTER | DESTINAZIONE: ME
PRINTING STRUCT MESSAGE:
HEAP PT: 0x3fc9bc64
Sender: 1
Target: -1
Type: HANDSHAKE
Header: 170
Footer: 3405691582
Payload (HANDSHAKE)
Handshake Type: StM_ack
__PRINTING STRUCT MESSAGE.
[MSG_DBG] sort_new_msg enqueue msg=0x3fc9bc64 type=2 sender=1 target=-1
DOVREI SVEGLIARMI
MI SONO SVEGLIATO
================[__RECEIVE UART]================

[MSG_DBG] ALLOC msg=0x3fc9bc64 (zeroed)

================[RECEIVE UART]================
ID: 2 | RICEVUTO DA: MASTER | DESTINAZIONE: ME
PRINTING STRUCT MESSAGE:
HEAP PT: 0x3fc9bc64
Sender: 1
Target: -1
Type: HANDSHAKE
Header: 170
Footer: 3405691582
Payload (HANDSHAKE)
Handshake Type: MtS
__PRINTING STRUCT MESSAGE.
[MSG_DBG] sort_new_msg enqueue msg=0x3fc9bc64 type=2 sender=1 target=-1
================[__RECEIVE UART]================

[MSG_DBG] ALLOC msg=0x3fc9bc64 (zeroed)

================[SEND UART]================
SONO: 2, HO INVIATO INVIO A: MASTER, IL SEGUENTE MESSAGGIO:
PRINTING STRUCT MESSAGE:
HEAP PT: 0x3fca79dc
Sender: 2
Target: -1
Type: HANDSHAKE
Header: 170
Footer: 3405691582
Payload (HANDSHAKE)
Handshake Type: MtS_ack
__PRINTING STRUCT MESSAGE.
Tutti i byte inviati correttamente
================[__SEND UART]================


================[SEND UART]================
SONO: 2, HO INVIATO INVIO A: SLAVE, IL SEGUENTE MESSAGGIO:
PRINTING STRUCT MESSAGE:
HEAP PT: 0x3fca79dc
Sender: 2
Target: -1
Type: HANDSHAKE
Header: 170
Footer: 3405691582
Payload (HANDSHAKE)
Handshake Type: MtS
__PRINTING STRUCT MESSAGE.
Tutti i byte inviati correttamente
================[__SEND UART]================

E BOD: Brownout detector was triggered


---- Closed serial port COM8 due to disconnection from the machine ----
